find_header: checking for float.h... -------------------- yes

"/usr/bin/clang -o conftest -I/Users/natewise/.rvm/rubies/ruby-2.1.1/include/ruby-2.1.0/x86_64-darwin12.0 -I/Users/natewise/.rvm/rubies/ruby-2.1.1/include/ruby-2.1.0/ruby/backward -I/Users/natewise/.rvm/rubies/ruby-2.1.1/include/ruby-2.1.0 -I. -D_XOPEN_SOURCE -D_DARWIN_C_SOURCE -D_DARWIN_UNLIMITED_SELECT -D_REENTRANT   -O3 -I/Users/travis/.sm/pkg/active/include -fPIC -mmacosx-version-min=10.6 -pipe conftest.c  -L. -L/Users/natewise/.rvm/rubies/ruby-2.1.1/lib -L. -L/Users/travis/.sm/pkg/active/lib -fPIC -Bstatic -fstack-protector   -arch x86_64   -lruby-static -framework CoreFoundation  -lpthread -ldl -lobjc "
ld: warning: directory not found for option '-L/Users/travis/.sm/pkg/active/lib'
checked program was:
/* begin */
1: #include "ruby.h"
2: 
3: int main(int argc, char **argv)
4: {
5:   return 0;
6: }
/* end */

"/usr/bin/clang -E -I/Users/natewise/.rvm/rubies/ruby-2.1.1/include/ruby-2.1.0/x86_64-darwin12.0 -I/Users/natewise/.rvm/rubies/ruby-2.1.1/include/ruby-2.1.0/ruby/backward -I/Users/natewise/.rvm/rubies/ruby-2.1.1/include/ruby-2.1.0 -I. -D_XOPEN_SOURCE -D_DARWIN_C_SOURCE -D_DARWIN_UNLIMITED_SELECT -D_REENTRANT   -O3 -I/Users/travis/.sm/pkg/active/include -fPIC -mmacosx-version-min=10.6 -pipe  conftest.c -o conftest.i"
checked program was:
/* begin */
1: #include "ruby.h"
2: 
3: #include <float.h>
/* end */

--------------------

find_header: checking for ruby.h... -------------------- yes

"/usr/bin/clang -E -I/Users/natewise/.rvm/rubies/ruby-2.1.1/include/ruby-2.1.0/x86_64-darwin12.0 -I/Users/natewise/.rvm/rubies/ruby-2.1.1/include/ruby-2.1.0/ruby/backward -I/Users/natewise/.rvm/rubies/ruby-2.1.1/include/ruby-2.1.0 -I. -D_XOPEN_SOURCE -D_DARWIN_C_SOURCE -D_DARWIN_UNLIMITED_SELECT -D_REENTRANT   -O3 -I/Users/travis/.sm/pkg/active/include -fPIC -mmacosx-version-min=10.6 -pipe  conftest.c -o conftest.i"
checked program was:
/* begin */
1: #include "ruby.h"
2: 
3: #include <ruby.h>
/* end */

--------------------

find_header: checking for stdlib.h... -------------------- yes

"/usr/bin/clang -E -I/Users/natewise/.rvm/rubies/ruby-2.1.1/include/ruby-2.1.0/x86_64-darwin12.0 -I/Users/natewise/.rvm/rubies/ruby-2.1.1/include/ruby-2.1.0/ruby/backward -I/Users/natewise/.rvm/rubies/ruby-2.1.1/include/ruby-2.1.0 -I. -D_XOPEN_SOURCE -D_DARWIN_C_SOURCE -D_DARWIN_UNLIMITED_SELECT -D_REENTRANT   -O3 -I/Users/travis/.sm/pkg/active/include -fPIC -mmacosx-version-min=10.6 -pipe  conftest.c -o conftest.i"
checked program was:
/* begin */
1: #include "ruby.h"
2: 
3: #include <stdlib.h>
/* end */

--------------------

find_header: checking for string.h... -------------------- yes

"/usr/bin/clang -E -I/Users/natewise/.rvm/rubies/ruby-2.1.1/include/ruby-2.1.0/x86_64-darwin12.0 -I/Users/natewise/.rvm/rubies/ruby-2.1.1/include/ruby-2.1.0/ruby/backward -I/Users/natewise/.rvm/rubies/ruby-2.1.1/include/ruby-2.1.0 -I. -D_XOPEN_SOURCE -D_DARWIN_C_SOURCE -D_DARWIN_UNLIMITED_SELECT -D_REENTRANT   -O3 -I/Users/travis/.sm/pkg/active/include -fPIC -mmacosx-version-min=10.6 -pipe  conftest.c -o conftest.i"
checked program was:
/* begin */
1: #include "ruby.h"
2: 
3: #include <string.h>
/* end */

--------------------

have_header: checking for fcntl.h... -------------------- yes

"/usr/bin/clang -E -I/Users/natewise/.rvm/rubies/ruby-2.1.1/include/ruby-2.1.0/x86_64-darwin12.0 -I/Users/natewise/.rvm/rubies/ruby-2.1.1/include/ruby-2.1.0/ruby/backward -I/Users/natewise/.rvm/rubies/ruby-2.1.1/include/ruby-2.1.0 -I. -D_XOPEN_SOURCE -D_DARWIN_C_SOURCE -D_DARWIN_UNLIMITED_SELECT -D_REENTRANT   -O3 -I/Users/travis/.sm/pkg/active/include -fPIC -mmacosx-version-min=10.6 -pipe  conftest.c -o conftest.i"
checked program was:
/* begin */
1: #include "ruby.h"
2: 
3: #include <fcntl.h>
/* end */

--------------------

have_header: checking for sys/errno.h... -------------------- yes

"/usr/bin/clang -E -I/Users/natewise/.rvm/rubies/ruby-2.1.1/include/ruby-2.1.0/x86_64-darwin12.0 -I/Users/natewise/.rvm/rubies/ruby-2.1.1/include/ruby-2.1.0/ruby/backward -I/Users/natewise/.rvm/rubies/ruby-2.1.1/include/ruby-2.1.0 -I. -D_XOPEN_SOURCE -D_DARWIN_C_SOURCE -D_DARWIN_UNLIMITED_SELECT -D_REENTRANT   -O3 -I/Users/travis/.sm/pkg/active/include -fPIC -mmacosx-version-min=10.6 -pipe  conftest.c -o conftest.i"
checked program was:
/* begin */
1: #include "ruby.h"
2: 
3: #include <sys/errno.h>
/* end */

--------------------

have_header: checking for sys/socket.h... -------------------- yes

"/usr/bin/clang -E -I/Users/natewise/.rvm/rubies/ruby-2.1.1/include/ruby-2.1.0/x86_64-darwin12.0 -I/Users/natewise/.rvm/rubies/ruby-2.1.1/include/ruby-2.1.0/ruby/backward -I/Users/natewise/.rvm/rubies/ruby-2.1.1/include/ruby-2.1.0 -I. -D_XOPEN_SOURCE -D_DARWIN_C_SOURCE -D_DARWIN_UNLIMITED_SELECT -D_REENTRANT   -O3 -I/Users/travis/.sm/pkg/active/include -fPIC -mmacosx-version-min=10.6 -pipe  conftest.c -o conftest.i"
checked program was:
/* begin */
1: #include "ruby.h"
2: 
3: #include <sys/socket.h>
/* end */

--------------------

have_header: checking for ruby/st.h... -------------------- yes

"/usr/bin/clang -E -I/Users/natewise/.rvm/rubies/ruby-2.1.1/include/ruby-2.1.0/x86_64-darwin12.0 -I/Users/natewise/.rvm/rubies/ruby-2.1.1/include/ruby-2.1.0/ruby/backward -I/Users/natewise/.rvm/rubies/ruby-2.1.1/include/ruby-2.1.0 -I. -D_XOPEN_SOURCE -D_DARWIN_C_SOURCE -D_DARWIN_UNLIMITED_SELECT -D_REENTRANT   -O3 -I/Users/travis/.sm/pkg/active/include -fPIC -mmacosx-version-min=10.6 -pipe  conftest.c -o conftest.i"
checked program was:
/* begin */
1: #include "ruby.h"
2: 
3: #include <ruby/st.h>
/* end */

--------------------

have_header: checking for st.h... -------------------- yes

"/usr/bin/clang -E -I/Users/natewise/.rvm/rubies/ruby-2.1.1/include/ruby-2.1.0/x86_64-darwin12.0 -I/Users/natewise/.rvm/rubies/ruby-2.1.1/include/ruby-2.1.0/ruby/backward -I/Users/natewise/.rvm/rubies/ruby-2.1.1/include/ruby-2.1.0 -I. -D_XOPEN_SOURCE -D_DARWIN_C_SOURCE -D_DARWIN_UNLIMITED_SELECT -D_REENTRANT   -O3 -I/Users/travis/.sm/pkg/active/include -fPIC -mmacosx-version-min=10.6 -pipe  conftest.c -o conftest.i"
In file included from conftest.c:3:
/Users/natewise/.rvm/rubies/ruby-2.1.1/include/ruby-2.1.0/ruby/backward/st.h:2:2: warning: use "ruby/st.h" instead of bare "st.h" [-W#warnings]
#warning use "ruby/st.h" instead of bare "st.h"
 ^
1 warning generated.
checked program was:
/* begin */
1: #include "ruby.h"
2: 
3: #include <st.h>
/* end */

--------------------

have_library: checking for pthread_create() in -lpthread... -------------------- yes

"/usr/bin/clang -o conftest -I/Users/natewise/.rvm/rubies/ruby-2.1.1/include/ruby-2.1.0/x86_64-darwin12.0 -I/Users/natewise/.rvm/rubies/ruby-2.1.1/include/ruby-2.1.0/ruby/backward -I/Users/natewise/.rvm/rubies/ruby-2.1.1/include/ruby-2.1.0 -I. -D_XOPEN_SOURCE -D_DARWIN_C_SOURCE -D_DARWIN_UNLIMITED_SELECT -D_REENTRANT   -O3 -I/Users/travis/.sm/pkg/active/include -fPIC -mmacosx-version-min=10.6 -pipe conftest.c  -L. -L/Users/natewise/.rvm/rubies/ruby-2.1.1/lib -L. -L/Users/travis/.sm/pkg/active/lib -fPIC -Bstatic -fstack-protector   -arch x86_64   -lruby-static -framework CoreFoundation -lpthread  -lpthread -ldl -lobjc "
conftest.c:13:57: error: use of undeclared identifier 'pthread_create'
int t(void) { void ((*volatile p)()); p = (void ((*)()))pthread_create; return 0; }
                                                        ^
1 error generated.
checked program was:
/* begin */
 1: #include "ruby.h"
 2: 
 3: /*top*/
 4: extern int t(void);
 5: int main(int argc, char **argv)
 6: {
 7:   if (argc > 1000000) {
 8:     printf("%p", &t);
 9:   }
10: 
11:   return 0;
12: }
13: int t(void) { void ((*volatile p)()); p = (void ((*)()))pthread_create; return 0; }
/* end */

"/usr/bin/clang -o conftest -I/Users/natewise/.rvm/rubies/ruby-2.1.1/include/ruby-2.1.0/x86_64-darwin12.0 -I/Users/natewise/.rvm/rubies/ruby-2.1.1/include/ruby-2.1.0/ruby/backward -I/Users/natewise/.rvm/rubies/ruby-2.1.1/include/ruby-2.1.0 -I. -D_XOPEN_SOURCE -D_DARWIN_C_SOURCE -D_DARWIN_UNLIMITED_SELECT -D_REENTRANT   -O3 -I/Users/travis/.sm/pkg/active/include -fPIC -mmacosx-version-min=10.6 -pipe conftest.c  -L. -L/Users/natewise/.rvm/rubies/ruby-2.1.1/lib -L. -L/Users/travis/.sm/pkg/active/lib -fPIC -Bstatic -fstack-protector   -arch x86_64   -lruby-static -framework CoreFoundation -lpthread  -lpthread -ldl -lobjc "
conftest.c:13:15: warning: implicit declaration of function 'pthread_create' is invalid in C99 [-Wimplicit-function-declaration]
int t(void) { pthread_create(); return 0; }
              ^
1 warning generated.
ld: warning: directory not found for option '-L/Users/travis/.sm/pkg/active/lib'
checked program was:
/* begin */
 1: #include "ruby.h"
 2: 
 3: /*top*/
 4: extern int t(void);
 5: int main(int argc, char **argv)
 6: {
 7:   if (argc > 1000000) {
 8:     printf("%p", &t);
 9:   }
10: 
11:   return 0;
12: }
13: int t(void) { pthread_create(); return 0; }
/* end */

--------------------

